0 info it worked if it ends with ok
1 verbose cli [ '/usr/local/bin/node',
1 verbose cli   '/usr/local/bin/npm',
1 verbose cli   'install',
1 verbose cli   'git+ssh://git@github.com:bewest/comlink2-uart.git' ]
2 info using npm@3.10.3
3 info using node@v6.4.0
4 silly loadCurrentTree Starting
5 silly install loadCurrentTree
6 silly install readLocalPackageData
7 silly fetchPackageMetaData git+ssh://git@github.com:bewest/comlink2-uart.git
8 silly fetchOtherPackageData git+ssh://git@github.com:bewest/comlink2-uart.git
9 silly cache add args [ 'git+ssh://git@github.com:bewest/comlink2-uart.git', null ]
10 verbose cache add spec git+ssh://git@github.com:bewest/comlink2-uart.git
11 silly cache add parsed spec Result {
11 silly cache add   raw: 'git+ssh://git@github.com:bewest/comlink2-uart.git',
11 silly cache add   scope: null,
11 silly cache add   escapedName: null,
11 silly cache add   name: null,
11 silly cache add   rawSpec: 'git+ssh://git@github.com:bewest/comlink2-uart.git',
11 silly cache add   spec: 'git+ssh://git@github.com/bewest/comlink2-uart.git',
11 silly cache add   type: 'hosted',
11 silly cache add   hosted:
11 silly cache add    { type: 'github',
11 silly cache add      ssh: 'git@github.com:bewest/comlink2-uart.git',
11 silly cache add      sshUrl: 'git+ssh://git@github.com/bewest/comlink2-uart.git',
11 silly cache add      httpsUrl: 'git+https://github.com/bewest/comlink2-uart.git',
11 silly cache add      gitUrl: 'git://github.com/bewest/comlink2-uart.git',
11 silly cache add      shortcut: 'github:bewest/comlink2-uart',
11 silly cache add      directUrl: 'https://raw.githubusercontent.com/bewest/comlink2-uart/master/package.json' } }
12 verbose addRemoteGit caching git+ssh://git@github.com:bewest/comlink2-uart.git
13 verbose addRemoteGit git+ssh://git@github.com/bewest/comlink2-uart.git is a repository hosted by github
14 silly tryClone cloning git+ssh://git@github.com/bewest/comlink2-uart.git via git+ssh://git@github.com/bewest/comlink2-uart.git
15 verbose tryClone git-ssh-git-github-com-bewest-comlink2-uart-git-feb3839d not in flight; caching
16 verbose correctMkdir /Users/lortmorris/.npm/_git-remotes correctMkdir not in flight; initializing
17 info git [ 'clone',
17 info git   '--template=/Users/lortmorris/.npm/_git-remotes/_templates',
17 info git   '--mirror',
17 info git   'ssh://git@github.com/bewest/comlink2-uart.git',
17 info git   '/Users/lortmorris/.npm/_git-remotes/git-ssh-git-github-com-bewest-comlink2-uart-git-feb3839d' ]
18 error git clone --template=/Users/lortmorris/.npm/_git-remotes/_templates --mirror ssh://git@github.com/bewest/comlink2-uart.git /Users/lortmorris/.npm/_git-remotes/git-ssh-git-github-com-bewest-comlink2-uart-git-feb3839d: Cloning into bare repository '/Users/lortmorris/.npm/_git-remotes/git-ssh-git-github-com-bewest-comlink2-uart-git-feb3839d'...
18 error git clone --template=/Users/lortmorris/.npm/_git-remotes/_templates --mirror ssh://git@github.com/bewest/comlink2-uart.git /Users/lortmorris/.npm/_git-remotes/git-ssh-git-github-com-bewest-comlink2-uart-git-feb3839d: Warning: Permanently added 'github.com,192.30.253.112' (RSA) to the list of known hosts.
18 error git clone --template=/Users/lortmorris/.npm/_git-remotes/_templates --mirror ssh://git@github.com/bewest/comlink2-uart.git /Users/lortmorris/.npm/_git-remotes/git-ssh-git-github-com-bewest-comlink2-uart-git-feb3839d: Permission denied (publickey).
18 error git clone --template=/Users/lortmorris/.npm/_git-remotes/_templates --mirror ssh://git@github.com/bewest/comlink2-uart.git /Users/lortmorris/.npm/_git-remotes/git-ssh-git-github-com-bewest-comlink2-uart-git-feb3839d: fatal: Could not read from remote repository.
18 error git clone --template=/Users/lortmorris/.npm/_git-remotes/_templates --mirror ssh://git@github.com/bewest/comlink2-uart.git /Users/lortmorris/.npm/_git-remotes/git-ssh-git-github-com-bewest-comlink2-uart-git-feb3839d:
18 error git clone --template=/Users/lortmorris/.npm/_git-remotes/_templates --mirror ssh://git@github.com/bewest/comlink2-uart.git /Users/lortmorris/.npm/_git-remotes/git-ssh-git-github-com-bewest-comlink2-uart-git-feb3839d: Please make sure you have the correct access rights
18 error git clone --template=/Users/lortmorris/.npm/_git-remotes/_templates --mirror ssh://git@github.com/bewest/comlink2-uart.git /Users/lortmorris/.npm/_git-remotes/git-ssh-git-github-com-bewest-comlink2-uart-git-feb3839d: and the repository exists.
19 silly fetchPackageMetaData Error: Command failed: git clone --template=/Users/lortmorris/.npm/_git-remotes/_templates --mirror ssh://git@github.com/bewest/comlink2-uart.git /Users/lortmorris/.npm/_git-remotes/git-ssh-git-github-com-bewest-comlink2-uart-git-feb3839d
19 silly fetchPackageMetaData Cloning into bare repository '/Users/lortmorris/.npm/_git-remotes/git-ssh-git-github-com-bewest-comlink2-uart-git-feb3839d'...
19 silly fetchPackageMetaData Warning: Permanently added 'github.com,192.30.253.112' (RSA) to the list of known hosts.
19 silly fetchPackageMetaData Permission denied (publickey).
19 silly fetchPackageMetaData fatal: Could not read from remote repository.
19 silly fetchPackageMetaData
19 silly fetchPackageMetaData Please make sure you have the correct access rights
19 silly fetchPackageMetaData and the repository exists.
19 silly fetchPackageMetaData
19 silly fetchPackageMetaData     at ChildProcess.exithandler (child_process.js:206:12)
19 silly fetchPackageMetaData     at emitTwo (events.js:106:13)
19 silly fetchPackageMetaData     at ChildProcess.emit (events.js:191:7)
19 silly fetchPackageMetaData     at maybeClose (internal/child_process.js:852:16)
19 silly fetchPackageMetaData     at Socket.<anonymous> (internal/child_process.js:323:11)
19 silly fetchPackageMetaData     at emitOne (events.js:96:13)
19 silly fetchPackageMetaData     at Socket.emit (events.js:188:7)
19 silly fetchPackageMetaData     at Pipe._handle.close [as _onclose] (net.js:492:12)
19 silly fetchPackageMetaData  error for git+ssh://git@github.com:bewest/comlink2-uart.git { Error: Command failed: git clone --template=/Users/lortmorris/.npm/_git-remotes/_templates --mirror ssh://git@github.com/bewest/comlink2-uart.git /Users/lortmorris/.npm/_git-remotes/git-ssh-git-github-com-bewest-comlink2-uart-git-feb3839d
19 silly fetchPackageMetaData Cloning into bare repository '/Users/lortmorris/.npm/_git-remotes/git-ssh-git-github-com-bewest-comlink2-uart-git-feb3839d'...
19 silly fetchPackageMetaData Warning: Permanently added 'github.com,192.30.253.112' (RSA) to the list of known hosts.
19 silly fetchPackageMetaData Permission denied (publickey).
19 silly fetchPackageMetaData fatal: Could not read from remote repository.
19 silly fetchPackageMetaData
19 silly fetchPackageMetaData Please make sure you have the correct access rights
19 silly fetchPackageMetaData and the repository exists.
19 silly fetchPackageMetaData
19 silly fetchPackageMetaData     at ChildProcess.exithandler (child_process.js:206:12)
19 silly fetchPackageMetaData     at emitTwo (events.js:106:13)
19 silly fetchPackageMetaData     at ChildProcess.emit (events.js:191:7)
19 silly fetchPackageMetaData     at maybeClose (internal/child_process.js:852:16)
19 silly fetchPackageMetaData     at Socket.<anonymous> (internal/child_process.js:323:11)
19 silly fetchPackageMetaData     at emitOne (events.js:96:13)
19 silly fetchPackageMetaData     at Socket.emit (events.js:188:7)
19 silly fetchPackageMetaData     at Pipe._handle.close [as _onclose] (net.js:492:12)
19 silly fetchPackageMetaData   killed: false,
19 silly fetchPackageMetaData   code: 128,
19 silly fetchPackageMetaData   signal: null,
19 silly fetchPackageMetaData   cmd: 'git clone --template=/Users/lortmorris/.npm/_git-remotes/_templates --mirror ssh://git@github.com/bewest/comlink2-uart.git /Users/lortmorris/.npm/_git-remotes/git-ssh-git-github-com-bewest-comlink2-uart-git-feb3839d' }
20 silly rollbackFailedOptional Starting
21 silly rollbackFailedOptional Finishing
22 silly runTopLevelLifecycles Starting
23 silly runTopLevelLifecycles Finishing
24 silly install printInstalled
25 verbose stack Error: Command failed: git clone --template=/Users/lortmorris/.npm/_git-remotes/_templates --mirror ssh://git@github.com/bewest/comlink2-uart.git /Users/lortmorris/.npm/_git-remotes/git-ssh-git-github-com-bewest-comlink2-uart-git-feb3839d
25 verbose stack Cloning into bare repository '/Users/lortmorris/.npm/_git-remotes/git-ssh-git-github-com-bewest-comlink2-uart-git-feb3839d'...
25 verbose stack Warning: Permanently added 'github.com,192.30.253.112' (RSA) to the list of known hosts.
25 verbose stack Permission denied (publickey).
25 verbose stack fatal: Could not read from remote repository.
25 verbose stack
25 verbose stack Please make sure you have the correct access rights
25 verbose stack and the repository exists.
25 verbose stack
25 verbose stack     at ChildProcess.exithandler (child_process.js:206:12)
25 verbose stack     at emitTwo (events.js:106:13)
25 verbose stack     at ChildProcess.emit (events.js:191:7)
25 verbose stack     at maybeClose (internal/child_process.js:852:16)
25 verbose stack     at Socket.<anonymous> (internal/child_process.js:323:11)
25 verbose stack     at emitOne (events.js:96:13)
25 verbose stack     at Socket.emit (events.js:188:7)
25 verbose stack     at Pipe._handle.close [as _onclose] (net.js:492:12)
26 verbose cwd /Users/lortmorris/repos/curso.nodejs.eduit/class5/medtronic
27 error Darwin 15.6.0
28 error argv "/usr/local/bin/node" "/usr/local/bin/npm" "install" "git+ssh://git@github.com:bewest/comlink2-uart.git"
29 error node v6.4.0
30 error npm  v3.10.3
31 error code 128
32 error Command failed: git clone --template=/Users/lortmorris/.npm/_git-remotes/_templates --mirror ssh://git@github.com/bewest/comlink2-uart.git /Users/lortmorris/.npm/_git-remotes/git-ssh-git-github-com-bewest-comlink2-uart-git-feb3839d
32 error Cloning into bare repository '/Users/lortmorris/.npm/_git-remotes/git-ssh-git-github-com-bewest-comlink2-uart-git-feb3839d'...
32 error Warning: Permanently added 'github.com,192.30.253.112' (RSA) to the list of known hosts.
32 error Permission denied (publickey).
32 error fatal: Could not read from remote repository.
32 error
32 error Please make sure you have the correct access rights
32 error and the repository exists.
33 error If you need help, you may report this error at:
33 error     <https://github.com/npm/npm/issues>
34 verbose exit [ 1, true ]
